<?xml version="1.0" encoding="UTF-8"?>
<!-- Generated by org.testng.reporters.JUnitXMLReporter -->
<testsuite hostname="Home-PC" ignored="0" name="Test" tests="2" failures="1" timestamp="31 Oct 2019 06:35:22 GMT" time="79.301" errors="0">
  <testcase name="testLoginToApplication" time="23.382" classname="com.seleniumFramework.loginPage.LoginTest"/>
  <testcase name="testVerifyProductCounts" time="34.956" classname="com.seleniumFramework.productDetailsPage.VerifyProductCounts">
    <failure type="java.lang.AssertionError" message="product count is not matching expected [true] but found [false]">
      <![CDATA[java.lang.AssertionError: product count is not matching expected [true] but found [false]
	at com.seleniumFramework.productDetailsPage.VerifyProductCounts.testVerifyProductCounts(VerifyProductCounts.java:38)
... Removed 28 stack frames]]>
    </failure>
  </testcase> <!-- testVerifyProductCounts -->
</testsuite> <!-- Test -->
